[2020-05-12T19:46:39.324] [DEBUG] cheese - login => username:zs,password:123456
[2020-05-12T19:46:39.325] [DEBUG] cheese - zs
[2020-05-12T19:46:39.338] [DEBUG] cheese - null
[2020-05-12T19:46:39.339] [DEBUG] cheese - null
[2020-05-12T19:47:11.138] [DEBUG] cheese - login => username:admin,password:123456
[2020-05-12T19:47:11.138] [DEBUG] cheese - admin
[2020-05-12T19:47:11.142] [DEBUG] cheese - null
[2020-05-12T19:47:11.142] [DEBUG] cheese - null
[2020-05-16T17:16:10.347] [DEBUG] cheese - login => username:1122,password:2211111
[2020-05-16T17:16:10.349] [DEBUG] cheese - 1122
[2020-05-16T17:16:10.373] [DEBUG] cheese - null
[2020-05-16T17:16:10.374] [DEBUG] cheese - null
[2020-05-16T17:21:13.778] [DEBUG] cheese - login => username:1122,password:2222222
[2020-05-16T17:21:13.778] [DEBUG] cheese - 1122
[2020-05-16T17:21:13.780] [DEBUG] cheese - null
[2020-05-16T17:21:13.780] [DEBUG] cheese - null
[2020-05-16T17:22:12.990] [DEBUG] cheese - login => username:1144444,password:2233333
[2020-05-16T17:22:12.990] [DEBUG] cheese - 1144444
[2020-05-16T17:22:12.993] [DEBUG] cheese - null
[2020-05-16T17:22:12.993] [DEBUG] cheese - null
[2020-05-16T17:22:19.639] [DEBUG] cheese - login => username:animin,password:123456
[2020-05-16T17:22:19.639] [DEBUG] cheese - animin
[2020-05-16T17:22:19.641] [DEBUG] cheese - null
[2020-05-16T17:22:19.641] [DEBUG] cheese - null
[2020-05-16T17:22:28.725] [DEBUG] cheese - login => username:admin,password:123456
[2020-05-16T17:22:28.725] [DEBUG] cheese - admin
[2020-05-16T17:22:28.729] [DEBUG] cheese - null
[2020-05-16T17:22:28.729] [DEBUG] cheese - null
[2020-05-16T17:37:10.777] [DEBUG] cheese - login => username:1144,password:224444
[2020-05-16T17:37:10.777] [DEBUG] cheese - 1144
[2020-05-16T17:37:10.778] [DEBUG] cheese - null
[2020-05-16T17:37:10.779] [DEBUG] cheese - null
[2020-05-16T17:37:17.227] [DEBUG] cheese - login => username:admin,password:123456
[2020-05-16T17:37:17.227] [DEBUG] cheese - admin
[2020-05-16T17:37:17.229] [DEBUG] cheese - null
[2020-05-16T17:37:17.229] [DEBUG] cheese - null
[2020-05-17T00:02:25.648] [DEBUG] cheese - login => username:admin,password:123456
[2020-05-17T00:02:25.649] [DEBUG] cheese - admin
[2020-05-17T00:02:25.715] [DEBUG] cheese - null
[2020-05-17T00:02:25.716] [DEBUG] cheese - null
[2020-05-17T00:42:07.085] [DEBUG] cheese - login => username:admin,password:123456
[2020-05-17T00:42:07.085] [DEBUG] cheese - admin
[2020-05-17T00:42:07.087] [DEBUG] cheese - null
[2020-05-17T00:42:07.088] [DEBUG] cheese - null
[2020-05-17T15:53:13.563] [DEBUG] cheese - login => username:admin,password:123456
[2020-05-17T15:53:13.565] [DEBUG] cheese - admin
[2020-05-17T15:53:13.612] [DEBUG] cheese - null
[2020-05-17T15:53:13.612] [DEBUG] cheese - null
[2020-05-17T15:53:18.755] [DEBUG] cheese - login => username:admin,password:123456
[2020-05-17T15:53:18.756] [DEBUG] cheese - admin
[2020-05-17T15:53:18.758] [DEBUG] cheese - null
[2020-05-17T15:53:18.758] [DEBUG] cheese - null
[2020-05-17T15:53:24.467] [DEBUG] cheese - login => username:admin,password:12345
[2020-05-17T15:53:24.467] [DEBUG] cheese - admin
[2020-05-17T15:53:24.469] [DEBUG] cheese - null
[2020-05-17T15:53:24.469] [DEBUG] cheese - null
[2020-05-17T15:53:25.394] [DEBUG] cheese - login => username:admin,password:12345
[2020-05-17T15:53:25.395] [DEBUG] cheese - admin
[2020-05-17T15:53:25.397] [DEBUG] cheese - null
[2020-05-17T15:53:25.397] [DEBUG] cheese - null
[2020-05-17T15:53:25.615] [DEBUG] cheese - login => username:admin,password:12345
[2020-05-17T15:53:25.615] [DEBUG] cheese - admin
[2020-05-17T15:53:25.617] [DEBUG] cheese - null
[2020-05-17T15:53:25.617] [DEBUG] cheese - null
[2020-05-17T15:53:27.230] [DEBUG] cheese - login => username:admin,password:12345
[2020-05-17T15:53:27.230] [DEBUG] cheese - admin
[2020-05-17T15:53:27.232] [DEBUG] cheese - null
[2020-05-17T15:53:27.232] [DEBUG] cheese - null
[2020-05-17T15:55:26.879] [DEBUG] cheese - login => username:admin,password:123456
[2020-05-17T15:55:26.879] [DEBUG] cheese - admin
[2020-05-17T15:55:26.881] [DEBUG] cheese - null
[2020-05-17T15:55:26.881] [DEBUG] cheese - null
[2020-05-17T15:55:33.438] [DEBUG] cheese - login => username:admin,password:12345
[2020-05-17T15:55:33.438] [DEBUG] cheese - admin
[2020-05-17T15:55:33.439] [DEBUG] cheese - null
[2020-05-17T15:55:33.439] [DEBUG] cheese - null
[2020-05-17T15:55:34.506] [DEBUG] cheese - login => username:admin,password:12345
[2020-05-17T15:55:34.506] [DEBUG] cheese - admin
[2020-05-17T15:55:34.508] [DEBUG] cheese - null
[2020-05-17T15:55:34.508] [DEBUG] cheese - null
[2020-05-17T15:55:35.030] [DEBUG] cheese - login => username:admin,password:12345
[2020-05-17T15:55:35.030] [DEBUG] cheese - admin
[2020-05-17T15:55:35.032] [DEBUG] cheese - null
[2020-05-17T15:55:35.032] [DEBUG] cheese - null
[2020-05-17T15:55:35.194] [DEBUG] cheese - login => username:admin,password:12345
[2020-05-17T15:55:35.195] [DEBUG] cheese - admin
[2020-05-17T15:55:35.196] [DEBUG] cheese - null
[2020-05-17T15:55:35.196] [DEBUG] cheese - null
[2020-05-17T15:55:35.466] [DEBUG] cheese - login => username:admin,password:12345
[2020-05-17T15:55:35.467] [DEBUG] cheese - admin
[2020-05-17T15:55:35.468] [DEBUG] cheese - null
[2020-05-17T15:55:35.468] [DEBUG] cheese - null
[2020-05-17T15:55:35.751] [DEBUG] cheese - login => username:admin,password:12345
[2020-05-17T15:55:35.751] [DEBUG] cheese - admin
[2020-05-17T15:55:35.753] [DEBUG] cheese - null
[2020-05-17T15:55:35.753] [DEBUG] cheese - null
[2020-05-17T15:55:36.048] [DEBUG] cheese - login => username:admin,password:12345
[2020-05-17T15:55:36.048] [DEBUG] cheese - admin
[2020-05-17T15:55:36.051] [DEBUG] cheese - null
[2020-05-17T15:55:36.051] [DEBUG] cheese - null
[2020-05-17T22:55:30.992] [DEBUG] cheese - login => username:admin,password:123456
[2020-05-17T22:55:30.992] [DEBUG] cheese - admin
[2020-05-17T22:55:30.994] [DEBUG] cheese - null
[2020-05-17T22:55:30.994] [DEBUG] cheese - null
[2020-05-17T22:57:24.927] [DEBUG] cheese - login => username:admin,password:123456
[2020-05-17T22:57:24.927] [DEBUG] cheese - admin
[2020-05-17T22:57:24.929] [DEBUG] cheese - null
[2020-05-17T22:57:24.929] [DEBUG] cheese - null
[2020-05-17T22:58:06.567] [DEBUG] cheese - login => username:admin,password:123456
[2020-05-17T22:58:06.567] [DEBUG] cheese - admin
[2020-05-17T22:58:06.569] [DEBUG] cheese - null
[2020-05-17T22:58:06.569] [DEBUG] cheese - null
[2020-05-17T22:59:03.122] [DEBUG] cheese - login => username:admin,password:123456
[2020-05-17T22:59:03.122] [DEBUG] cheese - admin
[2020-05-17T22:59:03.123] [DEBUG] cheese - null
[2020-05-17T22:59:03.123] [DEBUG] cheese - null
[2020-05-17T22:59:21.885] [DEBUG] cheese - login => username:admin,password:123456
[2020-05-17T22:59:21.885] [DEBUG] cheese - admin
[2020-05-17T22:59:21.887] [DEBUG] cheese - null
[2020-05-17T22:59:21.887] [DEBUG] cheese - null
[2020-05-17T23:01:17.465] [DEBUG] cheese - login => username:admin,password:123456
[2020-05-17T23:01:17.465] [DEBUG] cheese - admin
[2020-05-17T23:01:17.467] [DEBUG] cheese - null
[2020-05-17T23:01:17.467] [DEBUG] cheese - null
[2020-05-17T23:05:17.117] [DEBUG] cheese - login => username:admin,password:123456
[2020-05-17T23:05:17.117] [DEBUG] cheese - admin
[2020-05-17T23:05:17.118] [DEBUG] cheese - null
[2020-05-17T23:05:17.119] [DEBUG] cheese - null
[2020-05-17T23:14:14.841] [DEBUG] cheese - login => username:admin,password:123456
[2020-05-17T23:14:14.841] [DEBUG] cheese - admin
[2020-05-17T23:14:14.843] [DEBUG] cheese - null
[2020-05-17T23:14:14.843] [DEBUG] cheese - null
[2020-05-17T23:23:53.049] [DEBUG] cheese - login => username:admin,password:123456
[2020-05-17T23:23:53.049] [DEBUG] cheese - admin
[2020-05-17T23:23:53.052] [DEBUG] cheese - null
[2020-05-17T23:23:53.052] [DEBUG] cheese - null
[2020-05-18T21:21:57.987] [DEBUG] cheese - login => username:admin,password:123456
[2020-05-18T21:21:57.987] [DEBUG] cheese - admin
[2020-05-18T21:21:58.039] [DEBUG] cheese - null
[2020-05-18T21:21:58.039] [DEBUG] cheese - null
[2020-05-18T21:47:33.130] [DEBUG] cheese - login => username:admin,password:123456
[2020-05-18T21:47:33.130] [DEBUG] cheese - admin
[2020-05-18T21:47:33.133] [DEBUG] cheese - null
[2020-05-18T21:47:33.133] [DEBUG] cheese - null
[2020-05-18T21:47:40.514] [DEBUG] cheese - login => username:admin,password:123456
[2020-05-18T21:47:40.514] [DEBUG] cheese - admin
[2020-05-18T21:47:40.517] [DEBUG] cheese - null
[2020-05-18T21:47:40.518] [DEBUG] cheese - null
[2020-05-19T23:41:39.020] [DEBUG] cheese - login => username:admin,password:123456
[2020-05-19T23:41:39.020] [DEBUG] cheese - admin
[2020-05-19T23:41:39.029] [DEBUG] cheese - null
[2020-05-19T23:41:39.029] [DEBUG] cheese - null
[2020-05-20T14:03:45.052] [DEBUG] cheese - login => username:admin,password:123456
[2020-05-20T14:03:45.053] [DEBUG] cheese - admin
[2020-05-20T14:03:45.063] [DEBUG] cheese - null
[2020-05-20T14:03:45.063] [DEBUG] cheese - null
[2020-05-20T14:43:20.377] [DEBUG] cheese - login => username:admin,password:123456
[2020-05-20T14:43:20.377] [DEBUG] cheese - admin
[2020-05-20T14:43:20.378] [DEBUG] cheese - null
[2020-05-20T14:43:20.378] [DEBUG] cheese - null
[2020-05-20T18:44:57.713] [DEBUG] cheese - login => username:admin,password:123456
[2020-05-20T18:44:57.714] [DEBUG] cheese - admin
[2020-05-20T18:44:57.719] [DEBUG] cheese - null
[2020-05-20T18:44:57.719] [DEBUG] cheese - null
[2020-05-20T18:45:12.742] [DEBUG] cheese - login => username:admin,password:123456
[2020-05-20T18:45:12.742] [DEBUG] cheese - admin
[2020-05-20T18:45:12.744] [DEBUG] cheese - null
[2020-05-20T18:45:12.744] [DEBUG] cheese - null
[2020-05-21T01:07:16.847] [DEBUG] cheese - login => username:admin,password:123456
[2020-05-21T01:07:16.847] [DEBUG] cheese - admin
[2020-05-21T01:07:16.848] [DEBUG] cheese - null
[2020-05-21T01:07:16.848] [DEBUG] cheese - null
[2020-05-21T01:29:31.239] [DEBUG] cheese - login => username:admin,password:123456
[2020-05-21T01:29:31.239] [DEBUG] cheese - admin
[2020-05-21T01:29:31.240] [DEBUG] cheese - null
[2020-05-21T01:29:31.240] [DEBUG] cheese - null
[2020-05-21T19:15:39.644] [DEBUG] cheese - login => username:admin,password:123456
[2020-05-21T19:15:39.644] [DEBUG] cheese - admin
[2020-05-21T19:15:39.648] [DEBUG] cheese - null
[2020-05-21T19:15:39.648] [DEBUG] cheese - null
[2020-05-21T19:16:47.006] [DEBUG] cheese - login => username:admin,password:123456
[2020-05-21T19:16:47.006] [DEBUG] cheese - admin
[2020-05-21T19:16:47.007] [DEBUG] cheese - null
[2020-05-21T19:16:47.007] [DEBUG] cheese - null
[2020-05-22T22:55:02.706] [DEBUG] cheese - login => username:admin,password:123456
[2020-05-22T22:55:02.707] [DEBUG] cheese - admin
[2020-05-22T22:55:02.715] [DEBUG] cheese - null
[2020-05-22T22:55:02.716] [DEBUG] cheese - null
[2020-05-23T02:27:21.795] [DEBUG] cheese - login => username:admin,password:123456
[2020-05-23T02:27:21.796] [DEBUG] cheese - admin
[2020-05-23T02:27:21.797] [DEBUG] cheese - null
[2020-05-23T02:27:21.797] [DEBUG] cheese - null
[2020-05-23T15:55:43.663] [DEBUG] cheese - login => username:admin,password:123456
[2020-05-23T15:55:43.663] [DEBUG] cheese - admin
[2020-05-23T15:55:43.666] [DEBUG] cheese - null
[2020-05-23T15:55:43.666] [DEBUG] cheese - null
[2020-05-23T22:46:12.777] [DEBUG] cheese - login => username:admin,password:123456
[2020-05-23T22:46:12.778] [DEBUG] cheese - admin
[2020-05-23T22:46:12.785] [DEBUG] cheese - null
[2020-05-23T22:46:12.785] [DEBUG] cheese - null
[2020-05-23T22:51:17.422] [DEBUG] cheese - login => username:admin,password:123456
[2020-05-23T22:51:17.422] [DEBUG] cheese - admin
[2020-05-23T22:51:17.424] [DEBUG] cheese - null
[2020-05-23T22:51:17.424] [DEBUG] cheese - null
[2020-05-24T01:19:57.977] [DEBUG] cheese - login => username:admin,password:123456
[2020-05-24T01:19:57.977] [DEBUG] cheese - admin
[2020-05-24T01:19:57.979] [DEBUG] cheese - null
[2020-05-24T01:19:57.979] [DEBUG] cheese - null
[2020-05-24T01:21:40.150] [DEBUG] cheese - login => username:admin,password:123456
[2020-05-24T01:21:40.151] [DEBUG] cheese - admin
[2020-05-24T01:21:40.152] [DEBUG] cheese - null
[2020-05-24T01:21:40.152] [DEBUG] cheese - null
[2020-05-24T01:36:24.031] [DEBUG] cheese - login => username:admin,password:123456
[2020-05-24T01:36:24.032] [DEBUG] cheese - admin
[2020-05-24T01:36:24.033] [DEBUG] cheese - null
[2020-05-24T01:36:24.033] [DEBUG] cheese - null
[2020-05-24T01:37:25.730] [DEBUG] cheese - login => username:admin,password:123456
[2020-05-24T01:37:25.730] [DEBUG] cheese - admin
[2020-05-24T01:37:25.731] [DEBUG] cheese - null
[2020-05-24T01:37:25.731] [DEBUG] cheese - null
[2020-05-25T02:00:30.930] [DEBUG] cheese - login => username:admin,password:123456
[2020-05-25T02:00:30.931] [DEBUG] cheese - admin
[2020-05-25T02:00:30.940] [DEBUG] cheese - null
[2020-05-25T02:00:30.940] [DEBUG] cheese - null
[2020-05-25T02:10:45.907] [DEBUG] cheese - null
[2020-05-25T02:11:00.279] [DEBUG] cheese - null
[2020-05-25T02:12:31.456] [DEBUG] cheese - null
[2020-05-25T02:17:16.425] [DEBUG] cheese - login => username:admin,password:123456
[2020-05-25T02:17:16.427] [DEBUG] cheese - admin
[2020-05-25T02:17:16.449] [DEBUG] cheese - null
[2020-05-25T02:17:16.450] [DEBUG] cheese - null
[2020-05-25T02:17:39.251] [DEBUG] cheese - null
[2020-05-25T02:18:46.172] [DEBUG] cheese - null
[2020-05-25T02:20:26.878] [DEBUG] cheese - null
[2020-05-25T02:20:32.666] [DEBUG] cheese - null
[2020-05-25T02:20:40.447] [DEBUG] cheese - null
[2020-05-25T23:48:21.146] [DEBUG] cheese - null
[2020-05-26T13:20:06.959] [DEBUG] cheese - login => username:admin,password:123456
[2020-05-26T13:20:06.961] [DEBUG] cheese - admin
[2020-05-26T13:20:06.987] [DEBUG] cheese - null
[2020-05-26T13:20:06.988] [DEBUG] cheese - null
[2020-05-27T13:42:01.731] [DEBUG] cheese - login => username:admin,password:123456
[2020-05-27T13:42:01.734] [DEBUG] cheese - admin
[2020-05-27T13:42:01.740] [DEBUG] cheese - null
[2020-05-27T13:42:01.740] [DEBUG] cheese - null
